# JRE version: Java(TM) SE Runtime Environment (23.0.1+11) (build 23.0.1+11-39)
# Java VM: Java HotSpot(TM) 64-Bit Server VM (23.0.1+11-39, mixed mode, sharing, tiered, compressed oops, compressed class ptrs, g1 gc, windows-amd64)
GC Precious Log:
 CardTable entry size: 512
 Card Set container configuration: InlinePtr #cards 4 size 8 Array Of Cards #cards 16 size 48 Howl #buckets 8 coarsen threshold 3686 Howl Bitmap #cards 512 size 80 coarsen threshold 460 Card regions per heap region 1 cards per card region 4096
 CPUs: 4 total, 4 available
 Memory: 16281M
 Large Page Support: Disabled
 NUMA Support: Disabled
 Compressed Oops: Enabled (Zero based)
 Heap Region Size: 2M
 Heap Min Capacity: 8M
 Heap Initial Capacity: 256M
 Heap Max Capacity: 4072M
 Pre-touch: Disabled
 Parallel Workers: 4
 Concurrent Workers: 1
 Concurrent Refinement Workers: 4
 Periodic GC: Disabled
Heap:
 garbage-first heap   total reserved 4169728K, committed 860160K, used 26432K [0x0000000701800000, 0x0000000800000000)
  region size 2048K, 3 young (6144K), 3 survivors (6144K)
 Metaspace       used 18895K, committed 19456K, reserved 1114112K
  class space    used 2195K, committed 2432K, reserved 1048576K
GC Heap History (20 events):
Event: 3.954 GC heap after
{Heap after GC invocations=10 (full 0):
 garbage-first heap   total reserved 4169728K, committed 405504K, used 26079K [0x0000000701800000, 0x0000000800000000)
  region size 2048K, 5 young (10240K), 5 survivors (10240K)
 Metaspace       used 18353K, committed 18880K, reserved 1114112K
  class space    used 2174K, committed 2368K, reserved 1048576K
}
Event: 9.123 GC heap before
{Heap before GC invocations=10 (full 0):
 garbage-first heap   total reserved 4169728K, committed 405504K, used 255455K [0x0000000701800000, 0x0000000800000000)
  region size 2048K, 118 young (241664K), 5 survivors (10240K)
 Metaspace       used 18874K, committed 19456K, reserved 1114112K
  class space    used 2195K, committed 2432K, reserved 1048576K
}
Event: 9.131 GC heap after
{Heap after GC invocations=11 (full 0):
 garbage-first heap   total reserved 4169728K, committed 405504K, used 26323K [0x0000000701800000, 0x0000000800000000)
  region size 2048K, 5 young (10240K), 5 survivors (10240K)
 Metaspace       used 18874K, committed 19456K, reserved 1114112K
  class space    used 2195K, committed 2432K, reserved 1048576K
}
Event: 9.166 GC heap before
{Heap before GC invocations=11 (full 0):
 garbage-first heap   total reserved 4169728K, committed 405504K, used 255699K [0x0000000701800000, 0x0000000800000000)
  region size 2048K, 118 young (241664K), 5 survivors (10240K)
 Metaspace       used 18876K, committed 19456K, reserved 1114112K
  class space    used 2195K, committed 2432K, reserved 1048576K
}
Event: 9.172 GC heap after
{Heap after GC invocations=12 (full 0):
 garbage-first heap   total reserved 4169728K, committed 405504K, used 27009K [0x0000000701800000, 0x0000000800000000)
  region size 2048K, 5 young (10240K), 5 survivors (10240K)
 Metaspace       used 18876K, committed 19456K, reserved 1114112K
  class space    used 2195K, committed 2432K, reserved 1048576K
}
Event: 9.208 GC heap before
{Heap before GC invocations=12 (full 0):
 garbage-first heap   total reserved 4169728K, committed 405504K, used 256385K [0x0000000701800000, 0x0000000800000000)
  region size 2048K, 118 young (241664K), 5 survivors (10240K)
 Metaspace       used 18876K, committed 19456K, reserved 1114112K
  class space    used 2195K, committed 2432K, reserved 1048576K
}
Event: 9.219 GC heap after
{Heap after GC invocations=13 (full 0):
 garbage-first heap   total reserved 4169728K, committed 405504K, used 27094K [0x0000000701800000, 0x0000000800000000)
  region size 2048K, 5 young (10240K), 5 survivors (10240K)
 Metaspace       used 18876K, committed 19456K, reserved 1114112K
  class space    used 2195K, committed 2432K, reserved 1048576K
}
Event: 9.248 GC heap before
{Heap before GC invocations=13 (full 0):
 garbage-first heap   total reserved 4169728K, committed 405504K, used 256470K [0x0000000701800000, 0x0000000800000000)
  region size 2048K, 118 young (241664K), 5 survivors (10240K)
 Metaspace       used 18876K, committed 19456K, reserved 1114112K
  class space    used 2195K, committed 2432K, reserved 1048576K
}
Event: 9.255 GC heap after
{Heap after GC invocations=14 (full 0):
 garbage-first heap   total reserved 4169728K, committed 405504K, used 27433K [0x0000000701800000, 0x0000000800000000)
  region size 2048K, 5 young (10240K), 5 survivors (10240K)
 Metaspace       used 18876K, committed 19456K, reserved 1114112K
  class space    used 2195K, committed 2432K, reserved 1048576K
}
Event: 9.281 GC heap before
{Heap before GC invocations=14 (full 0):
 garbage-first heap   total reserved 4169728K, committed 405504K, used 256809K [0x0000000701800000, 0x0000000800000000)
  region size 2048K, 118 young (241664K), 5 survivors (10240K)
 Metaspace       used 18876K, committed 19456K, reserved 1114112K
  class space    used 2195K, committed 2432K, reserved 1048576K
}
Event: 9.314 GC heap after
{Heap after GC invocations=15 (full 0):
 garbage-first heap   total reserved 4169728K, committed 860160K, used 27196K [0x0000000701800000, 0x0000000800000000)
  region size 2048K, 5 young (10240K), 5 survivors (10240K)
 Metaspace       used 18876K, committed 19456K, reserved 1114112K
  class space    used 2195K, committed 2432K, reserved 1048576K
}
Event: 9.590 GC heap before
{Heap before GC invocations=15 (full 0):
 garbage-first heap   total reserved 4169728K, committed 860160K, used 531004K [0x0000000701800000, 0x0000000800000000)
  region size 2048K, 252 young (516096K), 5 survivors (10240K)
 Metaspace       used 18882K, committed 19456K, reserved 1114112K
  class space    used 2195K, committed 2432K, reserved 1048576K
}
Event: 9.597 GC heap after
{Heap after GC invocations=16 (full 0):
 garbage-first heap   total reserved 4169728K, committed 860160K, used 27847K [0x0000000701800000, 0x0000000800000000)
  region size 2048K, 6 young (12288K), 6 survivors (12288K)
 Metaspace       used 18882K, committed 19456K, reserved 1114112K
  class space    used 2195K, committed 2432K, reserved 1048576K
}
Event: 9.658 GC heap before
{Heap before GC invocations=16 (full 0):
 garbage-first heap   total reserved 4169728K, committed 860160K, used 527559K [0x0000000701800000, 0x0000000800000000)
  region size 2048K, 251 young (514048K), 6 survivors (12288K)
 Metaspace       used 18885K, committed 19456K, reserved 1114112K
  class space    used 2195K, committed 2432K, reserved 1048576K
}
Event: 9.665 GC heap after
{Heap after GC invocations=17 (full 0):
 garbage-first heap   total reserved 4169728K, committed 860160K, used 27640K [0x0000000701800000, 0x0000000800000000)
  region size 2048K, 6 young (12288K), 6 survivors (12288K)
 Metaspace       used 18885K, committed 19456K, reserved 1114112K
  class space    used 2195K, committed 2432K, reserved 1048576K
}
Event: 9.726 GC heap before
{Heap before GC invocations=17 (full 0):
 garbage-first heap   total reserved 4169728K, committed 860160K, used 529400K [0x0000000701800000, 0x0000000800000000)
  region size 2048K, 252 young (516096K), 6 survivors (12288K)
 Metaspace       used 18895K, committed 19456K, reserved 1114112K
  class space    used 2195K, committed 2432K, reserved 1048576K
}
Event: 9.733 GC heap after
{Heap after GC invocations=18 (full 0):
 garbage-first heap   total reserved 4169728K, committed 860160K, used 27640K [0x0000000701800000, 0x0000000800000000)
  region size 2048K, 6 young (12288K), 6 survivors (12288K)
 Metaspace       used 18895K, committed 19456K, reserved 1114112K
  class space    used 2195K, committed 2432K, reserved 1048576K
}
Event: 9.788 GC heap before
{Heap before GC invocations=18 (full 0):
 garbage-first heap   total reserved 4169728K, committed 860160K, used 529400K [0x0000000701800000, 0x0000000800000000)
  region size 2048K, 252 young (516096K), 6 survivors (12288K)
 Metaspace       used 18895K, committed 19456K, reserved 1114112K
  class space    used 2195K, committed 2432K, reserved 1048576K
}
Event: 9.796 GC heap after
{Heap after GC invocations=19 (full 0):
 garbage-first heap   total reserved 4169728K, committed 860160K, used 26247K [0x0000000701800000, 0x0000000800000000)
  region size 2048K, 3 young (6144K), 3 survivors (6144K)
 Metaspace       used 18895K, committed 19456K, reserved 1114112K
  class space    used 2195K, committed 2432K, reserved 1048576K
}
Event: 9.852 GC heap before
{Heap before GC invocations=19 (full 0):
 garbage-first heap   total reserved 4169728K, committed 860160K, used 534151K [0x0000000701800000, 0x0000000800000000)
  region size 2048K, 252 young (516096K), 3 survivors (6144K)
 Metaspace       used 18895K, committed 19456K, reserved 1114112K
  class space    used 2195K, committed 2432K, reserved 1048576K
}

